C51 COMPILER V9.60.7.0   INIT                                                              05/08/2026 19:19:28 PAGE 1   


C51 COMPILER V9.60.7.0, COMPILATION OF MODULE INIT
OBJECT MODULE PLACED IN .\Objects\Init.obj
COMPILER INVOKED BY: C:\Users\lishuo\AppData\Local\Keil_v5\C51\BIN\C51.EXE Init.c LARGE OMF2 OPTIMIZE(7,SPEED) BROWSE IN
                    -CDIR(..\..\C51) DEBUG PRINT(.\Listings\Init.lst) OBJECT(.\Objects\Init.obj)

line level    source

   1          #include "STC8H.H"
   2          #include "main.h"
   3          void GPIO_Init(){
   4   1          P_SW2 |= 0X80;
   5   1          P0M0 = 0x00; P0M1 = 0xff; 
   6   1          P0IE = 0x00;//P0禁用数字使能
   7   1          //P10控制MP3431的EN，P11触摸按键，P13 SPI输出，P16P17彩灯电源
   8   1          //触摸按键会不会在关机后漏电？
   9   1          P1M0 = 0xc9; P1M1 = 0x36;
  10   1          P1IE = 0X02;//P11使能数字输入使能，其余全关
  11   1          P2M0 = 0x00; P2M1 = 0xff;
  12   1          P2IE = 0x00;
  13   1          //P30P31串口，P32检测充电，P33PWM输出，P34控制电源
  14   1          P3M0 = 0x0a; P3M1 = 0xf5;
  15   1          P3IE = 0X07; P3PU = 0X05;//P30P32打开上拉，串口RXD需打开上拉电阻，防止关机后漏电
  16   1          P4M0 = 0x00; P4M1 = 0xff;
  17   1          P4IE = 0X00;
  18   1          P5M0 = 0x00; P5M1 = 0xff; 
  19   1          P5IE = 0X00;
  20   1          TXD_PIN = 1;
  21   1          RXD_PIN = 1;
  22   1          MP3431_EN_PIN = 0;
  23   1          FAN_PWR_OFF;
  24   1          WS2812_PWR_OFF;
  25   1          PWM_PIN = 0;
  26   1      }
  27          void Interupt_Init(){
  28   1          P_SW2 |= 0X80;//允许访问扩展寄存器（设置上拉，转换速度等扩展寄存器）
  29   1          IT0 = 1;//外部中断0，下降沿中断
  30   1          IE = 0x8b;//开启定时器0,1中断，开启外部中断int0
  31   1          WDT_CONTR = 0X37;//初始化看门狗，时间设置为24MHZ时钟下4.2s
  32   1          IRCDB = 0X00;//上电后持续255个时钟后开始执行程序
  33   1      }
  34          void ADC_Init(void){
  35   1          ADC_CONTR = 0X8F;//打开ADC电源，清空中断标志，关闭PWM使能，选择15通道（默认）
  36   1          ADCCFG = 0X21;//ADC转换结果设置为右对齐，ADC时钟设置为系统时钟/4
  37   1          ADCTIM = 0X4A;//ADC通道时间占1个ADC时钟，通道保持3时钟，采样时间11个时钟。
  38   1      }
  39          void PWMA_Init(){
  40   1          P_SW2 |= 0X80;
  41   1          PWMA_PS |= 0XC0;//PWMA4N输出引脚为P33
  42   1          PWMA_CCER2 = 0x00; //写 CCMRx 前必须先清零 CCERx 关闭通道
  43   1          PWMA_CCMR4 = 0x60; //设置 CC4 为 PWMA 输出模式 
  44   1          PWMA_CCER2 = 0xC0; //使能 CC4 通道
  45   1          PWMA_IER = 0X00; //禁用中断
  46   1          PWMA_CCR4 = Duty; //设置比较值，PWM4//这里可以直接写入16位值
  47   1          PWMA_ARR = PWM_Period; //设置计数值//预装载寄存器
  48   1          PWMA_ENO = 0x80; //使能 PWM4N 端口输出 //占空比为反比
  49   1          PWMA_BKR = 0x80; //使能主输出
  50   1          PWMA_CR1 = 0x01; //开始计时
  51   1      }
  52          void Timer_Init(void){//@24MHZ 12T
  53   1          //V2.1版因为使用了SPI，CPU时钟设置到了24MHZ，定时器也快了四倍
  54   1          AUXR &= 0x3D;//定时器0，1 12T模式,定时器2为串口计时,允许访问扩展ram
C51 COMPILER V9.60.7.0   INIT                                                              05/08/2026 19:19:28 PAGE 2   

  55   1          TCON = 0x01;//外部中断1,下降沿中断
  56   1          TMOD = 0X00;//十六位自动重载
  57   1          //定时器0 30ms一次中断 @24MHZ
  58   1          TL0 = 0xA0;//设置定时初始值
  59   1          TH0 = 0x15;//设置定时初始值
  60   1          //定时器1 5ms一次中断（仅为WS2812呼吸提供时序支持）为什么不用定时器0？因为要实现充电唤醒闪烁
  61   1          TL1 = 0xF0;//设置定时初始值
  62   1          TH1 = 0xD8;//设置定时初始值
  63   1          //清除中断标志
  64   1          TF0 = 0;TF1 = 0;
  65   1          //初始关闭
  66   1          TR0 = 0;TR1 = 0;
  67   1      }
  68          void UART1_Init(void){//115200bps@24.000MHz
  69   1          SCON = 0x50;        //8位数据,可变波特率，允许接受
  70   1          AUXR |= 0x01;//串口1选择定时器2为波特率发生器
  71   1          AUXR |= 0x04;//定时器时钟1T模式
  72   1          T2H = ((UART_Timer_Reload_Value >> 8) & 0xff);//设置定时初始值
  73   1          T2L = (UART_Timer_Reload_Value & 0xff);//设置定时初始值
  74   1          AUXR &= ~0X10;//定时器2初始化后停止计时，开机后才继续计时
  75   1      }
  76          void TouchKey_Init(){
  77   1          P_SW2 |= 0X80;//允许访问扩展寄存器
  78   1          TSCHEN1 = 0X02;//TK1，P11通道使能//如果有多个按键的话，最好在休眠后关闭除了开关机键以外的按键使能
  79   1          TSCFG1 = 0x26;//实测22nf下5000时钟放电已足够//测试发现4MHZ下工作的更好，返回值正常，推测可能是3MHZ下和
             -触摸天线谐振了
  80   1          TSCFG2 = 0x03;//触摸按键控制器参考电压3/4 VCC
  81   1          TSSTA2 = 0XC0;//清零触摸按键状态寄存器(包括完成标志，溢出标志，以及完成的位号)
  82   1          TSWUTC = 0X0D;//休眠下0.1S唤醒一次触摸按键控制器//需打开低功耗唤醒功能
  83   1          TSRT = 0X00;//IO仅做触摸按键，不分时复用
  84   1          IP2H |= 0X80;
  85   1          
  86   1          TSCTRL = 0XA5;//TSGO = 1，直接开始扫描，等待手动清零TSIF，内部32K晶振，使能低功耗唤醒，重复扫描2次，关
             -闭数字比较器//如果不关数字比较器会卡死
  87   1          Delay_ms(5);//延时5ms，等待触摸按键采样完成
  88   1          
  89   1          TK_P11_Data = TouchKey_Read();//读取按键
  90   1          TK1_Baseline = TK_P11_Data;//初始化基线
  91   1          TK1_Threshold = Touchkey_Threshold_CAL(TK1_Baseline);
  92   1      }
  93              //实测不需要32k低速时钟，触摸模块内部就有32k低速时钟。与定时唤醒器一样，有独立的32k时钟
  94          void RC_Wakeup_Init(){//通过低速RC振荡器，从休眠中定时唤醒
  95   1          IRC32KCR |= 0x80;//使能32K低速时钟，用于唤醒
  96   1          WKTCH = 0XFF;//16秒唤醒一次，启用定时唤醒功能
  97   1          WKTCL = 0XFE;
  98   1      }


MODULE INFORMATION:   STATIC OVERLAYABLE
   CODE SIZE        =    349    ----
   CONSTANT SIZE    =   ----    ----
   XDATA SIZE       =   ----    ----
   PDATA SIZE       =   ----    ----
   DATA SIZE        =   ----    ----
   IDATA SIZE       =   ----    ----
   BIT SIZE         =   ----    ----
   EDATA SIZE       =   ----    ----
   HDATA SIZE       =   ----    ----
   XDATA CONST SIZE =   ----    ----
   FAR CONST SIZE   =   ----    ----
END OF MODULE INFORMATION.


C51 COMPILATION COMPLETE.  0 WARNING(S),  0 ERROR(S)
